[debug] [2024-12-20T04:41:49.490Z] ----------------------------------------------------------------------
[debug] [2024-12-20T04:41:49.507Z] Command:       /data/data/com.termux/files/usr/bin/node /data/data/com.termux/files/usr/bin/firebase init
[debug] [2024-12-20T04:41:49.510Z] CLI Version:   13.29.1
[debug] [2024-12-20T04:41:49.512Z] Platform:      android
[debug] [2024-12-20T04:41:49.512Z] Node Version:  v23.4.0
[debug] [2024-12-20T04:41:49.517Z] Time:          Fri Dec 20 2024 10:11:49 GMT+0530 (India Standard Time)
[debug] [2024-12-20T04:41:49.518Z] ----------------------------------------------------------------------
[debug] 
[debug] [2024-12-20T04:41:49.565Z] > command requires scopes: ["email","openid","https://www.googleapis.com/auth/cloudplatformprojects.readonly","https://www.googleapis.com/auth/firebase","https://www.googleapis.com/auth/cloud-platform"]
[debug] [2024-12-20T04:41:49.570Z] > authorizing via signed-in user (gopaljha0877@gmail.com)
[info] 
     ######## #### ########  ######## ########     ###     ######  ########
     ##        ##  ##     ## ##       ##     ##  ##   ##  ##       ##
     ######    ##  ########  ######   ########  #########  ######  ######
     ##        ##  ##    ##  ##       ##     ## ##     ##       ## ##
     ##       #### ##     ## ######## ########  ##     ##  ######  ########

You're about to initialize a Firebase project in this directory:

  /data/data/com.termux/files/home/quiz

[info] 
=== Project Setup
[info] 
[info] First, let's associate this project directory with a Firebase project.
[info] You can create multiple project aliases by running firebase use --add, 
[info] but for now we'll just set up a default project.
[info] 
[debug] [2024-12-20T04:42:35.914Z] Checked if tokens are valid: true, expires at: 1734673226913
[debug] [2024-12-20T04:42:35.919Z] Checked if tokens are valid: true, expires at: 1734673226913
[debug] [2024-12-20T04:42:35.948Z] >>> [apiv2][query] GET https://firebase.googleapis.com/v1beta1/projects pageSize=100
[debug] [2024-12-20T04:42:37.377Z] <<< [apiv2][status] GET https://firebase.googleapis.com/v1beta1/projects 200
[debug] [2024-12-20T04:42:37.378Z] <<< [apiv2][body] GET https://firebase.googleapis.com/v1beta1/projects [omitted]
[info] i  Using project quiz-4d40c (Quiz) 
[info] 
=== Dataconnect Setup
[debug] [2024-12-20T04:42:57.344Z] Checked if tokens are valid: true, expires at: 1734673226913
[debug] [2024-12-20T04:42:57.344Z] Checked if tokens are valid: true, expires at: 1734673226913
[debug] [2024-12-20T04:42:57.346Z] >>> [apiv2][query] GET https://cloudbilling.googleapis.com/v1/projects/quiz-4d40c/billingInfo [none]
[debug] [2024-12-20T04:42:59.322Z] <<< [apiv2][status] GET https://cloudbilling.googleapis.com/v1/projects/quiz-4d40c/billingInfo 200
[debug] [2024-12-20T04:42:59.325Z] <<< [apiv2][body] GET https://cloudbilling.googleapis.com/v1/projects/quiz-4d40c/billingInfo {"name":"projects/quiz-4d40c/billingInfo","projectId":"quiz-4d40c","billingAccountName":"","billingEnabled":false}
[info] i  dataconnect: ensuring required API sqladmin.googleapis.com is enabled... 
[debug] [2024-12-20T04:42:59.340Z] Checked if tokens are valid: true, expires at: 1734673226913
[debug] [2024-12-20T04:42:59.341Z] Checked if tokens are valid: true, expires at: 1734673226913
[debug] [2024-12-20T04:42:59.343Z] >>> [apiv2][query] GET https://serviceusage.googleapis.com/v1/projects/quiz-4d40c/services/sqladmin.googleapis.com [none]
[debug] [2024-12-20T04:42:59.344Z] >>> [apiv2][(partial)header] GET https://serviceusage.googleapis.com/v1/projects/quiz-4d40c/services/sqladmin.googleapis.com x-goog-quota-user=projects/quiz-4d40c
[debug] [2024-12-20T04:43:01.797Z] <<< [apiv2][status] GET https://serviceusage.googleapis.com/v1/projects/quiz-4d40c/services/sqladmin.googleapis.com 200
[debug] [2024-12-20T04:43:01.799Z] <<< [apiv2][body] GET https://serviceusage.googleapis.com/v1/projects/quiz-4d40c/services/sqladmin.googleapis.com [omitted]
[warn] ⚠  dataconnect: missing required API sqladmin.googleapis.com. Enabling now... 
[debug] [2024-12-20T04:43:01.819Z] Checked if tokens are valid: true, expires at: 1734673226913
[debug] [2024-12-20T04:43:01.820Z] Checked if tokens are valid: true, expires at: 1734673226913
[debug] [2024-12-20T04:43:01.822Z] >>> [apiv2][query] POST https://serviceusage.googleapis.com/v1/projects/quiz-4d40c/services/sqladmin.googleapis.com:enable [none]
[debug] [2024-12-20T04:43:01.823Z] >>> [apiv2][(partial)header] POST https://serviceusage.googleapis.com/v1/projects/quiz-4d40c/services/sqladmin.googleapis.com:enable x-goog-quota-user=projects/quiz-4d40c
[debug] [2024-12-20T04:43:03.757Z] <<< [apiv2][status] POST https://serviceusage.googleapis.com/v1/projects/quiz-4d40c/services/sqladmin.googleapis.com:enable 200
[debug] [2024-12-20T04:43:03.761Z] <<< [apiv2][body] POST https://serviceusage.googleapis.com/v1/projects/quiz-4d40c/services/sqladmin.googleapis.com:enable [omitted]
[debug] [2024-12-20T04:43:13.774Z] Checked if tokens are valid: true, expires at: 1734673226913
[debug] [2024-12-20T04:43:13.777Z] Checked if tokens are valid: true, expires at: 1734673226913
[debug] [2024-12-20T04:43:13.780Z] >>> [apiv2][query] GET https://serviceusage.googleapis.com/v1/projects/quiz-4d40c/services/sqladmin.googleapis.com [none]
[debug] [2024-12-20T04:43:13.781Z] >>> [apiv2][(partial)header] GET https://serviceusage.googleapis.com/v1/projects/quiz-4d40c/services/sqladmin.googleapis.com x-goog-quota-user=projects/quiz-4d40c
[debug] [2024-12-20T04:43:14.639Z] <<< [apiv2][status] GET https://serviceusage.googleapis.com/v1/projects/quiz-4d40c/services/sqladmin.googleapis.com 200
[debug] [2024-12-20T04:43:14.646Z] <<< [apiv2][body] GET https://serviceusage.googleapis.com/v1/projects/quiz-4d40c/services/sqladmin.googleapis.com [omitted]
[info] ✔  dataconnect: required API sqladmin.googleapis.com is enabled 
[info] ✔  Wrote dataconnect/dataconnect.yaml 
[info] ✔  Wrote dataconnect/schema/schema.gql 
[info] ✔  Wrote dataconnect/connector/connector.yaml 
[info] ✔  Wrote dataconnect/connector/queries.gql 
[info] ✔  Wrote dataconnect/connector/mutations.gql 
[info] i  If you'd like to add the generated SDK to your app your, run firebase init dataconnect:sdk 
[info] i  If you'd like to provision a CloudSQL Postgres instance on the Firebase Data Connect no-cost trial:
1. Please upgrade to the pay-as-you-go (Blaze) billing plan. Visit the following page:
     https://console.firebase.google.com/project/quiz-4d40c/usage/details
2. Run firebase init dataconnect again to configure the Cloud SQL instance.
3. Run firebase deploy --only dataconnect to deploy your Data Connect service. 
[info] 
=== Firestore Setup
[debug] [2024-12-20T04:43:14.753Z] Checked if tokens are valid: true, expires at: 1734673226913
[debug] [2024-12-20T04:43:14.754Z] Checked if tokens are valid: true, expires at: 1734673226913
[debug] [2024-12-20T04:43:14.755Z] >>> [apiv2][query] GET https://serviceusage.googleapis.com/v1/projects/quiz-4d40c/services/firestore.googleapis.com [none]
[debug] [2024-12-20T04:43:14.756Z] >>> [apiv2][(partial)header] GET https://serviceusage.googleapis.com/v1/projects/quiz-4d40c/services/firestore.googleapis.com x-goog-quota-user=projects/quiz-4d40c
[debug] [2024-12-20T04:43:15.912Z] <<< [apiv2][status] GET https://serviceusage.googleapis.com/v1/projects/quiz-4d40c/services/firestore.googleapis.com 200
[debug] [2024-12-20T04:43:15.914Z] <<< [apiv2][body] GET https://serviceusage.googleapis.com/v1/projects/quiz-4d40c/services/firestore.googleapis.com [omitted]
[debug] [2024-12-20T04:43:15.922Z] Checked if tokens are valid: true, expires at: 1734673226913
[debug] [2024-12-20T04:43:15.923Z] Checked if tokens are valid: true, expires at: 1734673226913
[debug] [2024-12-20T04:43:15.925Z] >>> [apiv2][query] GET https://firestore.googleapis.com/v1/projects/quiz-4d40c/databases/(default) [none]
[debug] [2024-12-20T04:43:16.605Z] <<< [apiv2][status] GET https://firestore.googleapis.com/v1/projects/quiz-4d40c/databases/(default) 200
[debug] [2024-12-20T04:43:16.608Z] <<< [apiv2][body] GET https://firestore.googleapis.com/v1/projects/quiz-4d40c/databases/(default) {"name":"projects/quiz-4d40c/databases/(default)","uid":"96d6d782-be41-40e9-a5b1-7a0df723fadf","createTime":"2024-12-04T14:38:08.274944Z","updateTime":"2024-12-04T14:38:08.274944Z","locationId":"asia-south2","type":"FIRESTORE_NATIVE","concurrencyMode":"PESSIMISTIC","versionRetentionPeriod":"3600s","earliestVersionTime":"2024-12-20T03:43:16.555442Z","appEngineIntegrationMode":"DISABLED","pointInTimeRecoveryEnablement":"POINT_IN_TIME_RECOVERY_DISABLED","deleteProtectionState":"DELETE_PROTECTION_DISABLED","etag":"IIbymsjEtYoDMIDM1NerjooD"}
[debug] [2024-12-20T04:43:16.610Z] database_type: FIRESTORE_NATIVE
[debug] [2024-12-20T04:43:16.612Z] database_type: FIRESTORE_NATIVE
[debug] [2024-12-20T04:43:16.618Z] > command requires scopes: ["email","openid","https://www.googleapis.com/auth/cloudplatformprojects.readonly","https://www.googleapis.com/auth/firebase","https://www.googleapis.com/auth/cloud-platform"]
[debug] [2024-12-20T04:43:16.624Z] > authorizing via signed-in user (gopaljha0877@gmail.com)
[debug] [2024-12-20T04:43:16.625Z] [iam] checking project quiz-4d40c for permissions ["firebase.projects.get"]
[debug] [2024-12-20T04:43:16.632Z] Checked if tokens are valid: true, expires at: 1734673226913
[debug] [2024-12-20T04:43:16.633Z] Checked if tokens are valid: true, expires at: 1734673226913
[debug] [2024-12-20T04:43:16.636Z] >>> [apiv2][query] POST https://cloudresourcemanager.googleapis.com/v1/projects/quiz-4d40c:testIamPermissions [none]
[debug] [2024-12-20T04:43:16.637Z] >>> [apiv2][(partial)header] POST https://cloudresourcemanager.googleapis.com/v1/projects/quiz-4d40c:testIamPermissions x-goog-quota-user=projects/quiz-4d40c
[debug] [2024-12-20T04:43:16.640Z] >>> [apiv2][body] POST https://cloudresourcemanager.googleapis.com/v1/projects/quiz-4d40c:testIamPermissions {"permissions":["firebase.projects.get"]}
[debug] [2024-12-20T04:43:18.571Z] <<< [apiv2][status] POST https://cloudresourcemanager.googleapis.com/v1/projects/quiz-4d40c:testIamPermissions 200
[debug] [2024-12-20T04:43:18.573Z] <<< [apiv2][body] POST https://cloudresourcemanager.googleapis.com/v1/projects/quiz-4d40c:testIamPermissions {"permissions":["firebase.projects.get"]}
[info] 
[info] Firestore Security Rules allow you to define how and when to allow
[info] requests. You can keep these rules in your project directory
[info] and publish them with firebase deploy.
[info] 
[debug] [2024-12-20T04:43:27.076Z] Checked if tokens are valid: true, expires at: 1734673226913
[debug] [2024-12-20T04:43:27.080Z] Checked if tokens are valid: true, expires at: 1734673226913
[debug] [2024-12-20T04:43:27.090Z] >>> [apiv2][query] GET https://firebaserules.googleapis.com/v1/projects/quiz-4d40c/releases pageSize=10&pageToken=
[debug] [2024-12-20T04:43:29.051Z] <<< [apiv2][status] GET https://firebaserules.googleapis.com/v1/projects/quiz-4d40c/releases 200
[debug] [2024-12-20T04:43:29.054Z] <<< [apiv2][body] GET https://firebaserules.googleapis.com/v1/projects/quiz-4d40c/releases {"releases":[{"name":"projects/quiz-4d40c/releases/cloud.firestore","rulesetName":"projects/quiz-4d40c/rulesets/0e294815-bd6d-4d78-b090-e0d4fc52adae","createTime":"2024-12-04T14:38:20.032576Z","updateTime":"2024-12-04T14:38:20.032576Z"}]}
[debug] [2024-12-20T04:43:29.064Z] Found ruleset: projects/quiz-4d40c/rulesets/0e294815-bd6d-4d78-b090-e0d4fc52adae
[debug] [2024-12-20T04:43:29.069Z] Checked if tokens are valid: true, expires at: 1734673226913
[debug] [2024-12-20T04:43:29.070Z] Checked if tokens are valid: true, expires at: 1734673226913
[debug] [2024-12-20T04:43:29.074Z] >>> [apiv2][query] GET https://firebaserules.googleapis.com/v1/projects/quiz-4d40c/rulesets/0e294815-bd6d-4d78-b090-e0d4fc52adae [none]
[debug] [2024-12-20T04:43:30.433Z] <<< [apiv2][status] GET https://firebaserules.googleapis.com/v1/projects/quiz-4d40c/rulesets/0e294815-bd6d-4d78-b090-e0d4fc52adae 200
[debug] [2024-12-20T04:43:30.435Z] <<< [apiv2][body] GET https://firebaserules.googleapis.com/v1/projects/quiz-4d40c/rulesets/0e294815-bd6d-4d78-b090-e0d4fc52adae [omitted]
[info] 
[info] Firestore indexes allow you to perform complex queries while
[info] maintaining performance that scales with the size of the result
[info] set. You can keep index definitions in your project directory
[info] and publish them with firebase deploy.
[info] 
[debug] [2024-12-20T04:43:34.384Z] Checked if tokens are valid: true, expires at: 1734673226913
[debug] [2024-12-20T04:43:34.386Z] Checked if tokens are valid: true, expires at: 1734673226913
[debug] [2024-12-20T04:43:34.389Z] Checked if tokens are valid: true, expires at: 1734673226913
[debug] [2024-12-20T04:43:34.391Z] Checked if tokens are valid: true, expires at: 1734673226913
[debug] [2024-12-20T04:43:34.393Z] >>> [apiv2][query] GET https://firestore.googleapis.com/v1/projects/quiz-4d40c/databases/(default)/collectionGroups/-/indexes [none]
[debug] [2024-12-20T04:43:34.429Z] >>> [apiv2][query] GET https://firestore.googleapis.com/v1/projects/quiz-4d40c/databases/(default)/collectionGroups/-/fields?filter=indexConfig.usesAncestorConfig=false OR ttlConfig:* [none]
[debug] [2024-12-20T04:43:34.984Z] <<< [apiv2][status] GET https://firestore.googleapis.com/v1/projects/quiz-4d40c/databases/(default)/collectionGroups/-/indexes 200
[debug] [2024-12-20T04:43:34.986Z] <<< [apiv2][body] GET https://firestore.googleapis.com/v1/projects/quiz-4d40c/databases/(default)/collectionGroups/-/indexes {}
[debug] [2024-12-20T04:43:35.189Z] <<< [apiv2][status] GET https://firestore.googleapis.com/v1/projects/quiz-4d40c/databases/(default)/collectionGroups/-/fields?filter=indexConfig.usesAncestorConfig=false OR ttlConfig:* 200
[debug] [2024-12-20T04:43:35.192Z] <<< [apiv2][body] GET https://firestore.googleapis.com/v1/projects/quiz-4d40c/databases/(default)/collectionGroups/-/fields?filter=indexConfig.usesAncestorConfig=false OR ttlConfig:* {"fields":[{"name":"projects/quiz-4d40c/databases/(default)/collectionGroups/__default__/fields/*","indexConfig":{"indexes":[{"queryScope":"COLLECTION","fields":[{"fieldPath":"*","order":"ASCENDING"}],"state":"READY"},{"queryScope":"COLLECTION","fields":[{"fieldPath":"*","order":"DESCENDING"}],"state":"READY"},{"queryScope":"COLLECTION","fields":[{"fieldPath":"*","arrayConfig":"CONTAINS"}],"state":"READY"}]}}]}
[info] 
=== Genkit Setup
[debug] [2024-12-20T04:43:45.740Z] > command requires scopes: ["email","openid","https://www.googleapis.com/auth/cloudplatformprojects.readonly","https://www.googleapis.com/auth/firebase","https://www.googleapis.com/auth/cloud-platform"]
[debug] [2024-12-20T04:43:45.745Z] > authorizing via signed-in user (gopaljha0877@gmail.com)
[debug] [2024-12-20T04:43:45.748Z] [iam] checking project quiz-4d40c for permissions ["firebase.projects.get"]
[debug] [2024-12-20T04:43:45.753Z] Checked if tokens are valid: true, expires at: 1734673226913
[debug] [2024-12-20T04:43:45.755Z] Checked if tokens are valid: true, expires at: 1734673226913
[debug] [2024-12-20T04:43:45.759Z] >>> [apiv2][query] POST https://cloudresourcemanager.googleapis.com/v1/projects/quiz-4d40c:testIamPermissions [none]
[debug] [2024-12-20T04:43:45.760Z] >>> [apiv2][(partial)header] POST https://cloudresourcemanager.googleapis.com/v1/projects/quiz-4d40c:testIamPermissions x-goog-quota-user=projects/quiz-4d40c
[debug] [2024-12-20T04:43:45.761Z] >>> [apiv2][body] POST https://cloudresourcemanager.googleapis.com/v1/projects/quiz-4d40c:testIamPermissions {"permissions":["firebase.projects.get"]}
[debug] [2024-12-20T04:43:47.554Z] <<< [apiv2][status] POST https://cloudresourcemanager.googleapis.com/v1/projects/quiz-4d40c:testIamPermissions 200
[debug] [2024-12-20T04:43:47.557Z] <<< [apiv2][body] POST https://cloudresourcemanager.googleapis.com/v1/projects/quiz-4d40c:testIamPermissions {"permissions":["firebase.projects.get"]}
[debug] [2024-12-20T04:43:47.562Z] Checked if tokens are valid: true, expires at: 1734673226913
[debug] [2024-12-20T04:43:47.564Z] Checked if tokens are valid: true, expires at: 1734673226913
[debug] [2024-12-20T04:43:47.566Z] Checked if tokens are valid: true, expires at: 1734673226913
[debug] [2024-12-20T04:43:47.568Z] Checked if tokens are valid: true, expires at: 1734673226913
[debug] [2024-12-20T04:43:47.570Z] >>> [apiv2][query] GET https://serviceusage.googleapis.com/v1/projects/quiz-4d40c/services/cloudfunctions.googleapis.com [none]
[debug] [2024-12-20T04:43:47.571Z] >>> [apiv2][(partial)header] GET https://serviceusage.googleapis.com/v1/projects/quiz-4d40c/services/cloudfunctions.googleapis.com x-goog-quota-user=projects/quiz-4d40c
[debug] [2024-12-20T04:43:47.595Z] >>> [apiv2][query] GET https://serviceusage.googleapis.com/v1/projects/quiz-4d40c/services/runtimeconfig.googleapis.com [none]
[debug] [2024-12-20T04:43:47.597Z] >>> [apiv2][(partial)header] GET https://serviceusage.googleapis.com/v1/projects/quiz-4d40c/services/runtimeconfig.googleapis.com x-goog-quota-user=projects/quiz-4d40c
[debug] [2024-12-20T04:43:49.686Z] <<< [apiv2][status] GET https://serviceusage.googleapis.com/v1/projects/quiz-4d40c/services/runtimeconfig.googleapis.com 200
[debug] [2024-12-20T04:43:49.688Z] <<< [apiv2][body] GET https://serviceusage.googleapis.com/v1/projects/quiz-4d40c/services/runtimeconfig.googleapis.com [omitted]
[debug] [2024-12-20T04:43:49.714Z] <<< [apiv2][status] GET https://serviceusage.googleapis.com/v1/projects/quiz-4d40c/services/cloudfunctions.googleapis.com 200
[debug] [2024-12-20T04:43:49.718Z] <<< [apiv2][body] GET https://serviceusage.googleapis.com/v1/projects/quiz-4d40c/services/cloudfunctions.googleapis.com [omitted]
[debug] [2024-12-20T04:43:49.721Z] Checked if tokens are valid: true, expires at: 1734673226913
[debug] [2024-12-20T04:43:49.725Z] Checked if tokens are valid: true, expires at: 1734673226913
[debug] [2024-12-20T04:43:49.727Z] >>> [apiv2][query] POST https://serviceusage.googleapis.com/v1/projects/quiz-4d40c/services/cloudfunctions.googleapis.com:enable [none]
[debug] [2024-12-20T04:43:49.729Z] >>> [apiv2][(partial)header] POST https://serviceusage.googleapis.com/v1/projects/quiz-4d40c/services/cloudfunctions.googleapis.com:enable x-goog-quota-user=projects/quiz-4d40c
[debug] [2024-12-20T04:43:51.669Z] <<< [apiv2][status] POST https://serviceusage.googleapis.com/v1/projects/quiz-4d40c/services/cloudfunctions.googleapis.com:enable 200
[debug] [2024-12-20T04:43:51.672Z] <<< [apiv2][body] POST https://serviceusage.googleapis.com/v1/projects/quiz-4d40c/services/cloudfunctions.googleapis.com:enable [omitted]
[debug] [2024-12-20T04:44:01.684Z] Checked if tokens are valid: true, expires at: 1734673226913
[debug] [2024-12-20T04:44:01.686Z] Checked if tokens are valid: true, expires at: 1734673226913
[debug] [2024-12-20T04:44:01.688Z] >>> [apiv2][query] GET https://serviceusage.googleapis.com/v1/projects/quiz-4d40c/services/cloudfunctions.googleapis.com [none]
[debug] [2024-12-20T04:44:01.690Z] >>> [apiv2][(partial)header] GET https://serviceusage.googleapis.com/v1/projects/quiz-4d40c/services/cloudfunctions.googleapis.com x-goog-quota-user=projects/quiz-4d40c
[debug] [2024-12-20T04:44:03.732Z] <<< [apiv2][status] GET https://serviceusage.googleapis.com/v1/projects/quiz-4d40c/services/cloudfunctions.googleapis.com 200
[debug] [2024-12-20T04:44:03.734Z] <<< [apiv2][body] GET https://serviceusage.googleapis.com/v1/projects/quiz-4d40c/services/cloudfunctions.googleapis.com [omitted]
[info] Let's create a new codebase for your functions.
[info] A directory corresponding to the codebase will be created in your project
[info] with sample code pre-configured.

[info] See https://firebase.google.com/docs/functions/organize-functions for
[info] more information on organizing your functions using codebases.

[info] Functions can be deployed with firebase deploy.

[info] ✔  Wrote functions/package.json 
[info] ✔  Wrote functions/.eslintrc.js 
[info] ✔  Wrote functions/tsconfig.json 
[info] ✔  Wrote functions/tsconfig.dev.json 
[info] ✔  Wrote functions/src/index.ts 
[info] ✔  Wrote functions/.gitignore 
[info] 
[info] i  genkit: Installing Genkit CLI version 0.9.12
 
[info] i  genkit: Installing NPM packages for genkit 
[info] ✔  genkit: Successfully installed NPM packages 
[info] i  genkit: Updating tsconfig.json 
[info] ✔  genkit: Successfully updated tsconfig.json 
[info] i  genkit: Updating package.json 
[info] ✔  genkit: Successfully updated package.json 
[info] Start the Genkit developer experience by running:
[info]     cd functions && npm run genkit:start
[info] 
=== Functions Setup
[debug] [2024-12-20T04:53:55.179Z] > command requires scopes: ["email","openid","https://www.googleapis.com/auth/cloudplatformprojects.readonly","https://www.googleapis.com/auth/firebase","https://www.googleapis.com/auth/cloud-platform"]
[debug] [2024-12-20T04:53:55.182Z] > authorizing via signed-in user (gopaljha0877@gmail.com)
[debug] [2024-12-20T04:53:55.185Z] [iam] checking project quiz-4d40c for permissions ["firebase.projects.get"]
[debug] [2024-12-20T04:53:55.193Z] Checked if tokens are valid: true, expires at: 1734673226913
[debug] [2024-12-20T04:53:55.194Z] Checked if tokens are valid: true, expires at: 1734673226913
[debug] [2024-12-20T04:53:55.198Z] >>> [apiv2][query] POST https://cloudresourcemanager.googleapis.com/v1/projects/quiz-4d40c:testIamPermissions [none]
[debug] [2024-12-20T04:53:55.200Z] >>> [apiv2][(partial)header] POST https://cloudresourcemanager.googleapis.com/v1/projects/quiz-4d40c:testIamPermissions x-goog-quota-user=projects/quiz-4d40c
[debug] [2024-12-20T04:53:55.201Z] >>> [apiv2][body] POST https://cloudresourcemanager.googleapis.com/v1/projects/quiz-4d40c:testIamPermissions {"permissions":["firebase.projects.get"]}
[debug] [2024-12-20T04:53:57.688Z] <<< [apiv2][status] POST https://cloudresourcemanager.googleapis.com/v1/projects/quiz-4d40c:testIamPermissions 200
[debug] [2024-12-20T04:53:57.690Z] <<< [apiv2][body] POST https://cloudresourcemanager.googleapis.com/v1/projects/quiz-4d40c:testIamPermissions {"permissions":["firebase.projects.get"]}
[debug] [2024-12-20T04:53:57.693Z] Checked if tokens are valid: true, expires at: 1734673226913
[debug] [2024-12-20T04:53:57.694Z] Checked if tokens are valid: true, expires at: 1734673226913
[debug] [2024-12-20T04:53:57.697Z] Checked if tokens are valid: true, expires at: 1734673226913
[debug] [2024-12-20T04:53:57.698Z] Checked if tokens are valid: true, expires at: 1734673226913
[debug] [2024-12-20T04:53:57.700Z] >>> [apiv2][query] GET https://serviceusage.googleapis.com/v1/projects/quiz-4d40c/services/cloudfunctions.googleapis.com [none]
[debug] [2024-12-20T04:53:57.701Z] >>> [apiv2][(partial)header] GET https://serviceusage.googleapis.com/v1/projects/quiz-4d40c/services/cloudfunctions.googleapis.com x-goog-quota-user=projects/quiz-4d40c
[debug] [2024-12-20T04:53:57.716Z] >>> [apiv2][query] GET https://serviceusage.googleapis.com/v1/projects/quiz-4d40c/services/runtimeconfig.googleapis.com [none]
[debug] [2024-12-20T04:53:57.717Z] >>> [apiv2][(partial)header] GET https://serviceusage.googleapis.com/v1/projects/quiz-4d40c/services/runtimeconfig.googleapis.com x-goog-quota-user=projects/quiz-4d40c
[debug] [2024-12-20T04:53:59.911Z] <<< [apiv2][status] GET https://serviceusage.googleapis.com/v1/projects/quiz-4d40c/services/cloudfunctions.googleapis.com 200
[debug] [2024-12-20T04:53:59.914Z] <<< [apiv2][body] GET https://serviceusage.googleapis.com/v1/projects/quiz-4d40c/services/cloudfunctions.googleapis.com [omitted]
[debug] [2024-12-20T04:54:00.004Z] <<< [apiv2][status] GET https://serviceusage.googleapis.com/v1/projects/quiz-4d40c/services/runtimeconfig.googleapis.com 200
[debug] [2024-12-20T04:54:00.007Z] <<< [apiv2][body] GET https://serviceusage.googleapis.com/v1/projects/quiz-4d40c/services/runtimeconfig.googleapis.com [omitted]
[info] 
Detected existing codebase(s): default

[info] Let's create a new codebase for your functions.
[info] A directory corresponding to the codebase will be created in your project
[info] with sample code pre-configured.

[info] See https://firebase.google.com/docs/functions/organize-functions for
[info] more information on organizing your functions using codebases.

[info] Functions can be deployed with firebase deploy.

[info] ✔  Wrote quiz-functions/package.json 
[info] ✔  Wrote quiz-functions/.eslintrc.js 
[info] ✔  Wrote quiz-functions/index.js 
[info] ✔  Wrote quiz-functions/.gitignore 
